<?xml version="1.0" encoding="UTF-8"?>
<!-- Generated by org.testng.reporters.JUnitXMLReporter -->
<testsuite ignored="6" hostname="HoangHiep" failures="1" tests="1" name="Run on Chorme" time="82.406" errors="0" timestamp="04 Feb 2023 07:15:15 GMT">
  <testcase classname="hybrid.nopcommerce.user.NopCommerce_Order" name="TC_06_TC_Checkout_Order_Payment_Methoḍ_By_Cheque" time="58.456">
    <failure type="org.openqa.selenium.TimeoutException" message="Expected condition failed: waiting for element to be clickable: [[ChromeDriver: chrome on WINDOWS (48b55e2d27f9fd30a84cfc5444fde929)] -&amp;gt; xpath: //h2[text()=&amp;apos;Billing address&amp;apos;]/parent::div[@class=&amp;apos;step-title&amp;apos;]/following-sibling::div//button[text()=&amp;apos;Edit&amp;apos;]] (tried for 30 second(s) with 500 milliseconds interval)
Build info: version: &amp;apos;3.141.59&amp;apos;, revision: &amp;apos;e82be7d358&amp;apos;, time: &amp;apos;2018-11-14T08:17:03&amp;apos;
System info: host: &amp;apos;HOANGHIEP&amp;apos;, ip: &amp;apos;192.168.1.8&amp;apos;, os.name: &amp;apos;Windows 10&amp;apos;, os.arch: &amp;apos;amd64&amp;apos;, os.version: &amp;apos;10.0&amp;apos;, java.version: &amp;apos;11.0.13&amp;apos;
Driver info: org.openqa.selenium.chrome.ChromeDriver
Capabilities {acceptInsecureCerts: false, browserName: chrome, browserVersion: 109.0.5414.120, chrome: {chromedriverVersion: 109.0.5414.74 (e7c5703604da..., userDataDir: C:\Users\ASUSPC~1\AppData\L...}, goog:chromeOptions: {debuggerAddress: localhost:61881}, javascriptEnabled: true, networkConnectionEnabled: false, pageLoadStrategy: normal, platform: WINDOWS, platformName: WINDOWS, proxy: Proxy(), setWindowRect: true, strictFileInteractability: false, timeouts: {implicit: 0, pageLoad: 300000, script: 30000}, unhandledPromptBehavior: dismiss and notify, webauthn:extension:credBlob: true, webauthn:extension:largeBlob: true, webauthn:virtualAuthenticators: true}
Session ID: 48b55e2d27f9fd30a84cfc5444fde929">
      <![CDATA[org.openqa.selenium.TimeoutException: Expected condition failed: waiting for element to be clickable: [[ChromeDriver: chrome on WINDOWS (48b55e2d27f9fd30a84cfc5444fde929)] -> xpath: //h2[text()='Billing address']/parent::div[@class='step-title']/following-sibling::div//button[text()='Edit']] (tried for 30 second(s) with 500 milliseconds interval)
Build info: version: '3.141.59', revision: 'e82be7d358', time: '2018-11-14T08:17:03'
System info: host: 'HOANGHIEP', ip: '192.168.1.8', os.name: 'Windows 10', os.arch: 'amd64', os.version: '10.0', java.version: '11.0.13'
Driver info: org.openqa.selenium.chrome.ChromeDriver
Capabilities {acceptInsecureCerts: false, browserName: chrome, browserVersion: 109.0.5414.120, chrome: {chromedriverVersion: 109.0.5414.74 (e7c5703604da..., userDataDir: C:\Users\ASUSPC~1\AppData\L...}, goog:chromeOptions: {debuggerAddress: localhost:61881}, javascriptEnabled: true, networkConnectionEnabled: false, pageLoadStrategy: normal, platform: WINDOWS, platformName: WINDOWS, proxy: Proxy(), setWindowRect: true, strictFileInteractability: false, timeouts: {implicit: 0, pageLoad: 300000, script: 30000}, unhandledPromptBehavior: dismiss and notify, webauthn:extension:credBlob: true, webauthn:extension:largeBlob: true, webauthn:virtualAuthenticators: true}
Session ID: 48b55e2d27f9fd30a84cfc5444fde929
at org.openqa.selenium.support.ui.WebDriverWait.timeoutException(WebDriverWait.java:95)
at org.openqa.selenium.support.ui.FluentWait.until(FluentWait.java:272)
at commons.BasePage.waitForElementClickabled(BasePage.java:498)
at pageObjects.nopCommerce.portal.CheckoutPageObject.clickOnEditButtonOfBillingAdress(CheckoutPageObject.java:22)
at hybrid.nopcommerce.user.NopCommerce_Order.TC_06_TC_Checkout_Order_Payment_Methoḍ_By_Cheque(NopCommerce_Order.java:627)
... Removed 29 stack frames]]>
    </failure>
  </testcase> <!-- TC_06_TC_Checkout_Order_Payment_Methoḍ_By_Cheque -->
  <testcase classname="hybrid.nopcommerce.user.NopCommerce_Order" name="TC_02_Edit_product_in_Shopping_Cart" time="0.0">
    <ignored/>
  </testcase> <!-- TC_02_Edit_product_in_Shopping_Cart -->
  <testcase classname="hybrid.nopcommerce.user.NopCommerce_Order" name="TC_05_Checkout_Order_Payment_Method_By_Cart" time="0.0">
    <ignored/>
  </testcase> <!-- TC_05_Checkout_Order_Payment_Method_By_Cart -->
  <testcase classname="hybrid.nopcommerce.user.NopCommerce_Order" name="TC_03_Remove_from_cart" time="0.0">
    <ignored/>
  </testcase> <!-- TC_03_Remove_from_cart -->
  <testcase classname="hybrid.nopcommerce.user.NopCommerce_Order" name="TC_01_Add_product_to_cart" time="0.0">
    <ignored/>
  </testcase> <!-- TC_01_Add_product_to_cart -->
  <testcase classname="commons.BaseTest" name="@BeforeSuite initBeforeSuite" time="0.0">
    <ignored/>
  </testcase> <!-- @BeforeSuite initBeforeSuite -->
  <testcase classname="hybrid.nopcommerce.user.NopCommerce_Order" name="TC_04_Update_Shopping_cart" time="0.0">
    <ignored/>
  </testcase> <!-- TC_04_Update_Shopping_cart -->
</testsuite> <!-- Run on Chorme -->
